Removed Pin From Net: NetName=GND Pin=joystick_A1-1
Removed Pin From Net: NetName=NetESP32_J3_7 Pin=joystick_A1-2
Removed Pin From Net: NetName=NetESP32_J1_7 Pin=joystick_A1-4
Removed Pin From Net: NetName=NetESP32_J1_10 Pin=joystick_A1-5
Add Pin To Net: Unknown Pin: Pin *-4
Add Pin To Net: Unknown Pin: Pin *-5
Add Pin To Net: Unknown Pin: Pin *-6
Add Pin To Net: Unknown Pin: Pin *-17
Add Pin To Net: Unknown Pin: Pin *-20
Add Pin To Net: Unknown Pin: Pin *-21
Add Pin To Net: Unknown Pin: Pin *-25
Add Pin To Net: Unknown Pin: Pin *-26
Add Pin To Net: Unknown Pin: Pin *-27
Add Pin To Net: Unknown Pin: Pin *-28
Add Pin To Net: Unknown Pin: Pin *-29
Add Pin To Net: Unknown Pin: Pin *-30
Add Pin To Net: Unknown Pin: Pin C1-2
Add Pin To Net: Unknown Pin: Pin C2-2
Added Pin To Net: NetName=NetESP32_J1_7 Pin=joystick_A1-1
Added Pin To Net: NetName=NetESP32_J1_10 Pin=joystick_A1-2
Added Pin To Net: NetName=NetESP32_J3_7 Pin=joystick_A1-4
Added Pin To Net: NetName=GND Pin=joystick_A1-5
Add Pin To Net: Unknown Pin: Pin joystick-A2
Add Pin To Net: Unknown Pin: Pin joystick-A3
Add Pin To Net: Unknown Pin: Pin joystick-A4
Add Pin To Net: Unknown Pin: Pin joystick-A5
Add Pin To Net: Unknown Pin: Pin joystick-B2
Add Pin To Net: Unknown Pin: Pin joystick-B3
Add Pin To Net: Unknown Pin: Pin joystick-B4
Add Pin To Net: Unknown Pin: Pin joystick-B5
Add Pin To Net: Unknown Pin: Pin joystick-GND
Add Pin To Net: Unknown Pin: Pin joystick-V
Added Net: Name=NetC1_1
Added Net: Name=NetC2_1
