Added Component: Designator=confirm_connect(New footprint 1)
Add component (AddParameter): Name = "Case/Package"; Value = ""; VariantName = "[No Variations]"
Add component (AddParameter): Name = "Connector Type"; Value = ""; VariantName = "[No Variations]"
Add component (AddParameter): Name = "Gender"; Value = ""; VariantName = "[No Variations]"
Add component (AddParameter): Name = "Max Current Rating"; Value = ""; VariantName = "[No Variations]"
Add component (AddParameter): Name = "Max Operating Temperature"; Value = ""; VariantName = "[No Variations]"
Add component (AddParameter): Name = "Min Operating Temperature"; Value = ""; VariantName = "[No Variations]"
Add component (AddParameter): Name = "Mounting Technology"; Value = ""; VariantName = "[No Variations]"
Add component (AddParameter): Name = "Pins"; Value = ""; VariantName = "[No Variations]"
Add component (AddParameter): Name = "RoHS Compliant"; Value = ""; VariantName = "[No Variations]"
Add component (AddParameter): Name = "Voltage Rating"; Value = ""; VariantName = "[No Variations]"
Added Component: Designator=Extra(New footprint 1)
Add component (AddParameter): Name = "Case/Package"; Value = ""; VariantName = "[No Variations]"
Add component (AddParameter): Name = "Connector Type"; Value = ""; VariantName = "[No Variations]"
Add component (AddParameter): Name = "Gender"; Value = ""; VariantName = "[No Variations]"
Add component (AddParameter): Name = "Max Current Rating"; Value = ""; VariantName = "[No Variations]"
Add component (AddParameter): Name = "Max Operating Temperature"; Value = ""; VariantName = "[No Variations]"
Add component (AddParameter): Name = "Min Operating Temperature"; Value = ""; VariantName = "[No Variations]"
Add component (AddParameter): Name = "Mounting Technology"; Value = ""; VariantName = "[No Variations]"
Add component (AddParameter): Name = "Pins"; Value = ""; VariantName = "[No Variations]"
Add component (AddParameter): Name = "RoHS Compliant"; Value = ""; VariantName = "[No Variations]"
Add component (AddParameter): Name = "Voltage Rating"; Value = ""; VariantName = "[No Variations]"
Add Pin To Net: Unknown Pin: Pin *-4
Add Pin To Net: Unknown Pin: Pin *-5
Add Pin To Net: Unknown Pin: Pin *-6
Add Pin To Net: Unknown Pin: Pin *-17
Add Pin To Net: Unknown Pin: Pin *-20
Add Pin To Net: Unknown Pin: Pin *-21
Add Pin To Net: Unknown Pin: Pin *-25
Add Pin To Net: Unknown Pin: Pin *-26
Add Pin To Net: Unknown Pin: Pin *-27
Add Pin To Net: Unknown Pin: Pin *-28
Add Pin To Net: Unknown Pin: Pin *-29
Add Pin To Net: Unknown Pin: Pin *-30
Add Pin To Net: Unknown Pin: Pin C1-1
Add Pin To Net: Unknown Pin: Pin C1-2
Add Pin To Net: Unknown Pin: Pin C1P-1
Add Pin To Net: Unknown Pin: Pin C2-1
Add Pin To Net: Unknown Pin: Pin C2-2
Add Pin To Net: Unknown Pin: Pin C2P-1
Added Pin To Net: NetName=Netconfirm_connect_1 Pin=confirm_connect-1
Added Pin To Net: NetName=GND Pin=confirm_connect-2
Added Pin To Net: NetName=Netconfirm_connect_3 Pin=confirm_connect-3
Added Pin To Net: NetName=Netconfirm_connect_4 Pin=confirm_connect-4
Added Pin To Net: NetName=NetETHERNET_1 Pin=Extra-1
Added Pin To Net: NetName=NetESP32_J3_5 Pin=Extra-2
Added Pin To Net: NetName=NetESP32_J1_15 Pin=Extra-3
Added Pin To Net: NetName=GND Pin=Extra-4
Add Pin To Net: Unknown Pin: Pin joystick-A2
Add Pin To Net: Unknown Pin: Pin joystick-A3
Add Pin To Net: Unknown Pin: Pin joystick-A4
Add Pin To Net: Unknown Pin: Pin joystick-A5
Add Pin To Net: Unknown Pin: Pin joystick-B2
Add Pin To Net: Unknown Pin: Pin joystick-B3
Add Pin To Net: Unknown Pin: Pin joystick-B4
Add Pin To Net: Unknown Pin: Pin joystick-B5
Add Pin To Net: Unknown Pin: Pin joystick-GND
Add Pin To Net: Unknown Pin: Pin joystick-V
Added Member To Class: ClassName=ESP32_PCB Member=Component confirm_connect Header 1 x 4 2.54mm (100mil)
Added Member To Class: ClassName=ESP32_PCB Member=Component Extra Header 1 x 4 2.54mm (100mil)
